<?xml version="1.0" encoding="UTF-8"?>
<!-- Generated by org.testng.reporters.JUnitReportReporter -->
<testsuite hostname="DESKTOP-18JS9SO" failures="0" tests="1" name="com.testng.practice.parameterTestNG" time="0.009" errors="0" timestamp="2023-11-02T09:58:17 EDT" skipped="0">
  <testcase classname="com.testng.practice.parameterTestNG" name="practiceparam" time="0.009"/>
  <system-out/>
</testsuite> <!-- com.testng.practice.parameterTestNG -->
