<?xml version="1.0" encoding="UTF-8"?>
<!-- Generated by org.testng.reporters.JUnitReportReporter -->
<testsuite hostname="DESKTOP-18JS9SO" failures="0" tests="2" name="com.testng.practice.PracticeTestNG" time="0.005" errors="0" timestamp="2023-11-01T21:17:39 EDT" skipped="1">
  <testcase classname="com.testng.practice.PracticeTestNG" name="dress" time="0.005"/>
  <system-out/>
  <testcase classname="com.testng.practice.PracticeTestNG" name="payment">
    <skipped/>
  </testcase> <!-- payment -->
  <system-out/>
</testsuite> <!-- com.testng.practice.PracticeTestNG -->
